<?xml version="1.0" encoding="UTF-8"?>
<!-- Generated by org.testng.reporters.JUnitXMLReporter -->
<testsuite ignored="2" hostname="LAPTOP-IO7O6G3K" failures="0" tests="1" name="Default test" time="13.745" errors="0" timestamp="2023-04-21T08:26:26 IST">
  <testcase classname="test.SearchStockTest" name="verifyIfUserIsAbleToAddStockToWatchlist" time="11.064"/>
  <testcase classname="test.SearchStockTest" name="verifyIfUserIsAbleToSearchStock" time="0.0">
    <ignored/>
  </testcase> <!-- verifyIfUserIsAbleToSearchStock -->
  <testcase classname="test.SearchStockTest" name="verifyIfUserIsAbleToSelectBuyOptionOnStockSearch" time="0.0">
    <ignored/>
  </testcase> <!-- verifyIfUserIsAbleToSelectBuyOptionOnStockSearch -->
</testsuite> <!-- Default test -->
