<?xml version="1.0" encoding="UTF-8"?>
<testng-results ignored="2" total="3" passed="1" failed="0" skipped="0">
  <reporter-output>
  </reporter-output>
  <suite started-at="2023-04-21T08:26:12 IST" name="Default suite" finished-at="2023-04-21T08:26:26 IST" duration-ms="13745">
    <groups>
    </groups>
    <test started-at="2023-04-21T08:26:12 IST" name="Default test" finished-at="2023-04-21T08:26:26 IST" duration-ms="13745">
      <class name="test.SearchStockTest">
        <test-method is-config="true" signature="launchBrowser()[pri:0, instance:test.SearchStockTest@51c668e3]" started-at="2023-04-21T08:26:12 IST" name="launchBrowser" finished-at="2023-04-21T08:26:15 IST" duration-ms="2638" status="PASS">
          <reporter-output>
          </reporter-output>
        </test-method> <!-- launchBrowser -->
        <test-method signature="verifyIfUserIsAbleToAddStockToWatchlist()[pri:0, instance:test.SearchStockTest@51c668e3]" started-at="2023-04-21T08:26:15 IST" name="verifyIfUserIsAbleToAddStockToWatchlist" finished-at="2023-04-21T08:26:26 IST" duration-ms="11064" status="PASS">
          <reporter-output>
          </reporter-output>
        </test-method> <!-- verifyIfUserIsAbleToAddStockToWatchlist -->
      </class> <!-- test.SearchStockTest -->
    </test> <!-- Default test -->
  </suite> <!-- Default suite -->
</testng-results>
